  MyForm.cpp
c:\users\администратор\documents\visual studio 2015\projects\cppwinform1\cppwinform1\rac_class.h(51): warning C4554: '&': check operator precedence for possible error; use parentheses to clarify precedence
c:\users\администратор\documents\visual studio 2015\projects\cppwinform1\cppwinform1\rac_class.h(69): warning C4244: 'initializing': conversion from 'double' to 'float', possible loss of data
c:\users\администратор\documents\visual studio 2015\projects\cppwinform1\cppwinform1\rac_class.h(89): warning C4244: 'argument': conversion from 'float' to '__int64', possible loss of data
c:\users\администратор\documents\visual studio 2015\projects\cppwinform1\cppwinform1\rac_class.h(91): warning C4244: '=': conversion from 'float' to '__int64', possible loss of data
c:\users\администратор\documents\visual studio 2015\projects\cppwinform1\cppwinform1\rac_class.h(100): warning C4244: 'initializing': conversion from '__int64' to 'int', possible loss of data
c:\users\администратор\documents\visual studio 2015\projects\cppwinform1\cppwinform1\rac_class.h(108): warning C4101: 'mn': unreferenced local variable
c:\users\администратор\documents\visual studio 2015\projects\cppwinform1\cppwinform1\rac_class.h(119): warning C4101: 'mn': unreferenced local variable
c:\users\администратор\documents\visual studio 2015\projects\cppwinform1\cppwinform1\rac_class.h(193): warning C4244: 'return': conversion from '__int64' to 'double', possible loss of data
c:\users\администратор\documents\visual studio 2015\projects\cppwinform1\cppwinform1\MyForm.h(105): warning C4244: 'initializing': conversion from 'double' to 'int', possible loss of data
c:\users\администратор\documents\visual studio 2015\projects\cppwinform1\cppwinform1\MyForm.h(114): warning C4244: 'argument': conversion from 'double' to 'int', possible loss of data
c:\users\администратор\documents\visual studio 2015\projects\cppwinform1\cppwinform1\MyForm.h(129): warning C4244: 'argument': conversion from 'double' to 'int', possible loss of data
c:\users\администратор\documents\visual studio 2015\projects\cppwinform1\cppwinform1\MyForm.h(139): warning C4244: 'initializing': conversion from 'double' to 'int', possible loss of data
c:\users\администратор\documents\visual studio 2015\projects\cppwinform1\cppwinform1\MyForm.h(148): warning C4244: 'argument': conversion from 'double' to 'int', possible loss of data
c:\users\администратор\documents\visual studio 2015\projects\cppwinform1\cppwinform1\MyForm.h(165): warning C4244: 'argument': conversion from 'double' to 'int', possible loss of data
c:\users\администратор\documents\visual studio 2015\projects\cppwinform1\cppwinform1\MyForm.h(199): warning C4244: '=': conversion from 'double' to 'int', possible loss of data
c:\users\администратор\documents\visual studio 2015\projects\cppwinform1\cppwinform1\MyForm.h(200): warning C4244: '=': conversion from 'double' to 'int', possible loss of data
c:\users\администратор\documents\visual studio 2015\projects\cppwinform1\cppwinform1\MyForm.h(215): warning C4244: '=': conversion from 'double' to 'int', possible loss of data
c:\users\администратор\documents\visual studio 2015\projects\cppwinform1\cppwinform1\MyForm.h(221): warning C4244: '=': conversion from 'double' to 'int', possible loss of data
c:\users\администратор\documents\visual studio 2015\projects\cppwinform1\cppwinform1\MyForm.h(232): warning C4244: '=': conversion from 'double' to 'int', possible loss of data
c:\users\администратор\documents\visual studio 2015\projects\cppwinform1\cppwinform1\MyForm.h(241): warning C4244: '=': conversion from 'double' to 'int', possible loss of data
c:\users\администратор\documents\visual studio 2015\projects\cppwinform1\cppwinform1\MyForm.h(247): warning C4244: '=': conversion from 'double' to 'int', possible loss of data
c:\users\администратор\documents\visual studio 2015\projects\cppwinform1\cppwinform1\MyForm.h(373): warning C4554: '|': check operator precedence for possible error; use parentheses to clarify precedence
  CppWinForm1.vcxproj -> C:\Users\Администратор\documents\visual studio 2015\Projects\CppWinForm1\Debug\CppWinForm1.exe
  CppWinForm1.vcxproj -> C:\Users\Администратор\documents\visual studio 2015\Projects\CppWinForm1\Debug\CppWinForm1.pdb (Full PDB)
